<?xml version="1.0" encoding="UTF-8"?>
<testng-results skipped="0" failed="0" ignored="0" total="1" passed="1">
  <reporter-output>
  </reporter-output>
  <suite name="Default suite" duration-ms="52807" started-at="2019-03-09T10:20:13Z" finished-at="2019-03-09T10:21:06Z">
    <groups>
      <group name="cucumber">
        <method signature="AbstractTestNGCucumberTests.feature(cucumber.api.testng.CucumberFeatureWrapper)[pri:0, instance:runner.RunnerTest@57fffcd7]" name="feature" class="cucumber.api.testng.AbstractTestNGCucumberTests"/>
      </group> <!-- cucumber -->
    </groups>
    <test name="Default test" duration-ms="52807" started-at="2019-03-09T10:20:13Z" finished-at="2019-03-09T10:21:06Z">
      <class name="runner.RunnerTest">
        <test-method status="PASS" signature="setUpClass()[pri:0, instance:runner.RunnerTest@57fffcd7]" name="setUpClass" is-config="true" duration-ms="374" started-at="2019-03-09T10:20:13Z" finished-at="2019-03-09T10:20:14Z">
          <reporter-output>
          </reporter-output>
        </test-method> <!-- setUpClass -->
        <test-method status="PASS" signature="feature(cucumber.api.testng.CucumberFeatureWrapper)[pri:0, instance:runner.RunnerTest@57fffcd7]" name="feature" duration-ms="52207" started-at="2019-03-09T10:20:14Z" description="Runs Cucumber Feature" data-provider="features" finished-at="2019-03-09T10:21:06Z">
          <params>
            <param index="0">
              <value>
                <![CDATA[Facebook login smoke test]]>
              </value>
            </param>
          </params>
          <reporter-output>
          </reporter-output>
        </test-method> <!-- feature -->
        <test-method status="PASS" signature="tearDownClass()[pri:0, instance:runner.RunnerTest@57fffcd7]" name="tearDownClass" is-config="true" duration-ms="50" started-at="2019-03-09T10:21:06Z" finished-at="2019-03-09T10:21:06Z">
          <reporter-output>
          </reporter-output>
        </test-method> <!-- tearDownClass -->
      </class> <!-- runner.RunnerTest -->
    </test> <!-- Default test -->
  </suite> <!-- Default suite -->
</testng-results>
